{"level":"info","message":"user successfully authorized","timestamp":"2024-05-28T05:07:52.483Z"}
{"level":"info","message":"user logged in successfully","timestamp":"2024-05-28T08:49:41.267Z"}
{"level":"info","message":"user logged in successfully","timestamp":"2024-05-28T08:58:41.474Z"}
{"level":"error","message":"user not found","timestamp":"2024-05-28T08:59:20.968Z"}
{"level":"info","message":"user logged in successfully","timestamp":"2024-05-28T08:59:49.148Z"}
{"level":"info","message":"user successfully authorized","timestamp":"2024-05-28T09:00:04.927Z"}
{"level":"info","message":"user successfully authorized","timestamp":"2024-05-28T09:00:16.599Z"}
{"level":"info","message":"user successfully authorized","timestamp":"2024-05-28T09:00:19.623Z"}
{"level":"info","message":"user successfully authorized","timestamp":"2024-05-28T09:00:24.539Z"}
{"level":"info","message":"user successfully authorized","timestamp":"2024-05-28T09:00:27.611Z"}
{"level":"info","message":"user successfully authorized","timestamp":"2024-05-28T09:00:30.991Z"}
{"level":"info","message":"user logged in successfully","timestamp":"2024-06-01T05:24:17.133Z"}
{"level":"error","message":"user has incorrect password","timestamp":"2024-06-07T05:24:55.244Z"}
{"level":"error","message":"user has incorrect password","timestamp":"2024-06-07T05:25:10.902Z"}
{"level":"error","message":"user has incorrect password","timestamp":"2024-06-07T05:25:48.235Z"}
{"level":"info","message":"user logged in successfully","timestamp":"2024-06-07T05:26:24.105Z"}
{"level":"info","message":"user logged in successfully","timestamp":"2024-06-07T05:44:34.025Z"}
{"level":"info","message":"user logged in successfully","timestamp":"2024-06-07T05:46:28.343Z"}
{"level":"info","message":"user logged in successfully","timestamp":"2024-06-07T05:54:32.770Z"}
{"level":"info","message":"user logged in successfully","timestamp":"2024-06-07T05:56:36.056Z"}
{"level":"info","message":"user logged in successfully","timestamp":"2024-06-07T05:57:18.284Z"}
{"level":"info","message":"user logged in successfully","timestamp":"2024-06-09T10:34:43.339Z"}
{"level":"info","message":"user logged in successfully","timestamp":"2024-06-13T03:56:33.508Z"}
{"level":"info","message":"user successfully authorized","timestamp":"2024-06-13T03:56:52.339Z"}
{"level":"info","message":"readtime updated successfully","timestamp":"2024-06-13T03:56:52.373Z"}
{"level":"info","message":"readtime updated successfully","timestamp":"2024-06-13T03:56:52.822Z"}
{"level":"info","message":"readcount updated successfully","timestamp":"2024-06-13T03:56:52.823Z"}
{"level":"info","message":"user successfully authorized","timestamp":"2024-06-13T03:57:34.780Z"}
